

times in msec
 clock   self+sourced   self:  sourced script
 clock   elapsed:              other lines

000.062  000.062: --- NVIM STARTING ---
000.745  000.683: event init
001.089  000.344: early init
001.432  000.343: locale set
001.573  000.141: init first window
002.778  001.205: inits 1
002.842  000.064: window checked
002.851  000.009: parsing arguments
004.390  000.166  000.166: require('vim.shared')
004.995  000.150  000.150: require('vim._options')
005.002  000.598  000.448: require('vim._editor')
005.006  000.854  000.089: require('vim._init_packages')
005.011  001.307: init lua interpreter
005.371  000.360: expanding arguments
005.503  000.131: inits 2
006.400  000.897: init highlight
006.404  000.004: waiting for UI
006.964  000.560: done waiting for UI
006.990  000.025: clear screen
007.485  000.495: init default mappings & autocommands
007.776  000.291: --cmd commands
060.305  000.192  000.192: sourcing /nix/store/aszfdv0palw8vgpswijvgn273fip4306-neovim-unwrapped-0.9.5/share/nvim/runtime/ftplugin.vim
069.946  000.150  000.150: sourcing /nix/store/aszfdv0palw8vgpswijvgn273fip4306-neovim-unwrapped-0.9.5/share/nvim/runtime/indent.vim
075.891  004.086  004.086: require('base16-colorscheme')
081.248  000.144  000.144: require('vim.loader')
084.345  001.183  001.183: require('obsidian.log')
084.364  003.078  001.896: require('obsidian')
088.546  000.798  000.798: require('obsidian.itertools')
088.611  004.237  003.439: require('obsidian.util')
090.021  001.392  001.392: require('obsidian.config')
094.260  000.518  000.518: require('cmp.utils.debug')
095.801  000.746  000.746: require('cmp.utils.char')
095.828  001.555  000.809: require('cmp.utils.str')
098.684  001.137  001.137: require('cmp.utils.misc')
099.352  000.655  000.655: require('cmp.utils.buffer')
100.172  000.803  000.803: require('cmp.utils.api')
100.210  003.736  001.141: require('cmp.utils.keymap')
100.230  004.396  000.659: require('cmp.utils.feedkeys')
104.371  000.385  000.385: require('cmp.types.cmp')
105.034  000.653  000.653: require('cmp.types.lsp')
105.360  000.318  000.318: require('cmp.types.vim')
105.367  001.707  000.351: require('cmp.types')
105.378  002.707  001.000: require('cmp.config.mapping')
105.748  000.367  000.367: require('cmp.utils.cache')
107.412  000.805  000.805: require('cmp.config.compare')
107.422  001.665  000.860: require('cmp.config.default')
107.479  005.893  001.154: require('cmp.config')
107.526  007.291  001.398: require('cmp.utils.async')
108.372  000.352  000.352: require('cmp.utils.pattern')
108.393  000.862  000.510: require('cmp.context')
112.109  000.937  000.937: require('cmp.utils.snippet')
112.753  000.635  000.635: require('cmp.matcher')
112.767  003.081  001.510: require('cmp.entry')
112.778  004.381  001.300: require('cmp.source')
113.598  000.274  000.274: require('cmp.utils.event')
114.845  000.249  000.249: require('cmp.utils.options')
114.856  000.854  000.605: require('cmp.utils.window')
114.861  001.257  000.403: require('cmp.view.docs_view')
116.088  000.339  000.339: require('cmp.utils.autocmd')
116.109  001.245  000.906: require('cmp.view.custom_entries_view')
116.736  000.623  000.623: require('cmp.view.wildmenu_entries_view')
117.215  000.473  000.473: require('cmp.view.native_entries_view')
117.669  000.448  000.448: require('cmp.view.ghost_text_view')
117.692  004.911  000.591: require('cmp.view')
117.906  026.485  002.571: require('cmp.core')
118.353  000.281  000.281: require('cmp.config.sources')
118.606  000.247  000.247: require('cmp.config.window')
118.722  028.635  001.623: require('cmp')
119.073  000.346  000.346: require('obsidian.mappings')
122.849  000.308  000.308: require('obsidian.abc')
122.879  001.308  001.000: require('obsidian.path')
124.565  000.308  000.308: require('plenary.tbl')
124.572  000.680  000.372: require('plenary.vararg.rotate')
124.575  000.962  000.282: require('plenary.vararg')
124.870  000.293  000.293: require('plenary.errors')
125.228  000.355  000.355: require('plenary.functional')
125.235  002.005  000.395: require('plenary.async.async')
126.960  000.359  000.359: require('plenary.async.structs')
127.009  000.872  000.513: require('plenary.async.control')
127.018  001.293  000.421: require('plenary.async.util')
127.024  001.786  000.492: require('plenary.async.tests')
127.026  004.144  000.354: require('plenary.async')
129.620  000.903  000.903: require('plenary.job')
129.749  001.767  000.864: require('obsidian.async')
130.095  000.341  000.341: require('plenary.context_manager')
131.576  000.311  000.311: require('obsidian.yaml.line')
131.691  001.190  000.879: require('obsidian.yaml.parser')
131.699  001.599  000.409: require('obsidian.yaml')
135.652  000.486  000.486: require('plenary.bit')
135.688  000.019  000.019: require('ffi')
135.715  002.180  001.674: require('plenary.path')
137.066  004.534  002.355: require('plenary.scandir')
137.101  005.399  000.865: require('obsidian.search')
137.115  010.086  000.981: require('obsidian.note')
137.514  000.397  000.397: require('obsidian.workspace')
137.812  000.292  000.292: require('obsidian.callbacks')
137.879  018.602  002.375: require('obsidian.client')
137.926  000.027  000.027: require('vim.fs')
140.358  000.324  000.324: require('obsidian.collections')
140.376  001.013  000.689: require('obsidian.ui')
140.935  000.459  000.459: require('obsidian.commands')
141.794  000.300  000.300: require('obsidian.completion.refs')
141.805  000.791  000.491: require('cmp_obsidian')
142.217  000.382  000.382: require('cmp_obsidian_new')
142.846  000.286  000.286: require('obsidian.completion.tags')
142.855  000.616  000.330: require('cmp_obsidian_tags')
144.087  000.228  000.228: require('colorizer.color')
144.931  000.538  000.538: require('colorizer.trie')
145.641  000.435  000.435: require('colorizer.utils')
145.647  000.711  000.276: require('colorizer.parser.names')
145.902  000.252  000.252: require('colorizer.parser.rgb')
146.160  000.255  000.255: require('colorizer.parser.hsl')
146.395  000.232  000.232: require('colorizer.parser.argb_hex')
146.632  000.233  000.233: require('colorizer.parser.rgba_hex')
147.096  000.461  000.461: require('colorizer.sass')
147.101  003.009  000.328: require('colorizer.matcher')
147.438  000.334  000.334: require('colorizer.tailwind')
147.445  003.978  000.407: require('colorizer.buffer')
147.453  004.547  000.569: require('colorizer')
148.415  000.178  000.178: require('nvim-autopairs._log')
148.808  000.388  000.388: require('nvim-autopairs.utils')
149.866  000.421  000.421: require('nvim-autopairs.conds')
149.877  000.771  000.350: require('nvim-autopairs.rule')
149.881  001.069  000.298: require('nvim-autopairs.rules.basic')
149.893  002.411  000.776: require('nvim-autopairs')
152.290  000.519  000.519: require('ibl.utils')
152.301  001.172  000.654: require('ibl.config')
152.840  000.208  000.208: require('ibl.indent')
152.848  000.544  000.336: require('ibl.hooks')
152.851  001.933  000.217: require('ibl.highlights')
153.019  000.166  000.166: require('ibl.autocmds')
153.229  000.206  000.206: require('ibl.inlay_hints')
153.466  000.234  000.234: require('ibl.virt_text')
154.173  000.522  000.522: require('ibl.scope_languages')
154.178  000.708  000.186: require('ibl.scope')
154.189  003.836  000.589: require('ibl')
160.258  000.513  000.513: require('vim.lsp.log')
161.526  001.263  001.263: require('vim.lsp.protocol')
164.582  000.799  000.799: require('vim.lsp._snippet')
165.009  000.422  000.422: require('vim.highlight')
165.024  000.010  000.010: require('vim.F')
165.059  003.528  002.298: require('vim.lsp.util')
165.096  006.338  001.034: require('vim.lsp.handlers')
166.192  001.093  001.093: require('vim.lsp.rpc')
166.761  000.563  000.563: require('vim.lsp.sync')
168.063  001.298  001.298: require('vim.lsp.semantic_tokens')
169.872  001.804  001.804: require('vim.lsp.buf')
170.371  000.494  000.494: require('vim.lsp.diagnostic')
170.913  000.537  000.537: require('vim.lsp.codelens')
171.014  016.657  004.530: require('vim.lsp')
171.945  000.329  000.329: require('telescope._extensions')
171.951  000.702  000.373: require('telescope')
173.040  000.452  000.452: require('plenary.strings')
173.373  000.300  000.300: require('telescope.deprecated')
174.932  000.569  000.569: require('plenary.log')
174.962  000.888  000.319: require('telescope.log')
176.146  000.320  000.320: require('telescope.state')
176.164  001.200  000.880: require('telescope.utils')
176.173  002.796  000.708: require('telescope.sorters')
176.234  000.048  000.048: require('vim.inspect')
178.368  006.414  002.819: require('telescope.config')
180.713  000.467  000.467: require('fzf_lib')
180.721  000.957  000.491: require('telescope._extensions.fzf')
181.625  000.228  000.228: require('lualine_require')
182.054  001.325  001.097: require('lualine')
189.075  000.165  000.165: require('lualine.utils.mode')
194.929  000.158  000.158: require('luasnip.util.types')
195.084  000.150  000.150: require('luasnip.util.lazy_table')
195.291  000.203  000.203: require('luasnip.extras.filetype_functions')
195.306  000.856  000.345: require('luasnip.default_config')
195.310  001.040  000.184: require('luasnip.session')
195.322  001.581  000.540: require('luasnip.util.util')
196.168  000.248  000.248: require('luasnip.util.ext_opts')
196.327  000.155  000.155: require('luasnip.nodes.key_indexer')
196.347  001.023  000.620: require('luasnip.nodes.util')
196.901  000.169  000.169: require('luasnip.session.snippet_collection.source')
197.064  000.158  000.158: require('luasnip.util.table')
197.253  000.185  000.185: require('luasnip.util.auto_table')
197.265  000.915  000.402: require('luasnip.session.snippet_collection')
198.126  000.264  000.264: require('luasnip.util.select')
198.297  000.160  000.160: require('luasnip.util.time')
198.868  001.329  000.904: require('luasnip.util._builtin_vars')
199.074  001.807  000.478: require('luasnip.util.environ')
199.298  000.219  000.219: require('luasnip.util.extend_decorator')
199.972  000.373  000.373: require('luasnip.util.path')
200.744  000.300  000.300: require('luasnip.util.log')
200.758  000.781  000.482: require('luasnip.loaders.util')
200.987  000.227  000.227: require('luasnip.loaders.data')
202.072  001.081  001.081: require('luasnip.loaders.fs_watchers')
202.083  002.780  000.318: require('luasnip.loaders')
202.465  000.343  000.343: require('luasnip.config')
202.471  009.558  000.892: require('luasnip')
204.083  000.229  000.229: require('cmp_nvim_lsp.source')
204.089  000.482  000.253: require('cmp_nvim_lsp')
205.986  000.884  000.884: require('lspconfig.util')
206.299  000.308  000.308: require('lspconfig.async')
206.308  001.734  000.542: require('lspconfig.configs')
206.312  002.008  000.274: require('lspconfig')
206.562  000.247  000.247: require('lspconfig.server_configurations.tsserver')
208.392  000.508  000.508: require('lspconfig.manager')
208.632  000.232  000.232: require('lspconfig.server_configurations.ruff_lsp')
209.428  000.304  000.304: require('lspconfig.server_configurations.pylsp')
209.976  000.274  000.274: require('lspconfig.server_configurations.nixd')
210.471  000.266  000.266: require('lspconfig.server_configurations.marksman')
211.055  000.231  000.231: require('lspconfig.server_configurations.dockerls')
215.902  000.396  000.396: require('vim.treesitter.language')
215.919  001.309  000.913: require('vim.treesitter.query')
216.350  000.427  000.427: require('vim.treesitter._range')
216.367  002.752  001.016: require('vim.treesitter.languagetree')
216.379  003.477  000.724: require('vim.treesitter')
216.386  003.725  000.249: require('nvim-treesitter.compat')
221.954  004.495  004.495: require('nvim-treesitter.parsers')
222.375  000.415  000.415: require('nvim-treesitter.utils')
222.385  005.608  000.698: require('nvim-treesitter.ts_utils')
222.392  006.004  000.396: require('nvim-treesitter.tsrange')
222.649  000.254  000.254: require('nvim-treesitter.caching')
222.664  010.599  000.616: require('nvim-treesitter.query')
222.681  011.365  000.766: require('nvim-treesitter.configs')
223.205  000.238  000.238: require('gitsigns.async')
223.408  000.199  000.199: require('gitsigns.debug.log')
223.879  000.468  000.468: require('gitsigns.config')
223.890  001.192  000.287: require('gitsigns')
224.579  000.329  000.329: require('gitsigns.highlight')
226.818  000.563  000.563: require('telescope.builtin')
226.836  000.008  000.008: require('vim.keymap')
227.431  156.733  028.343: sourcing /home/lowlife/.config/nvim/init.lua
227.448  062.598: sourcing vimrc file(s)
242.830  008.869  008.869: sourcing /nix/store/aszfdv0palw8vgpswijvgn273fip4306-neovim-unwrapped-0.9.5/share/nvim/runtime/filetype.lua
246.439  000.122  000.122: sourcing /nix/store/aszfdv0palw8vgpswijvgn273fip4306-neovim-unwrapped-0.9.5/share/nvim/runtime/syntax/synload.vim
246.606  003.619  003.497: sourcing /nix/store/aszfdv0palw8vgpswijvgn273fip4306-neovim-unwrapped-0.9.5/share/nvim/runtime/syntax/syntax.vim
262.046  000.590  000.590: sourcing /home/lowlife/.nix-profile/share/nvim/site/plugin/fzf.vim
262.842  000.197  000.197: sourcing /nix/store/aszfdv0palw8vgpswijvgn273fip4306-neovim-unwrapped-0.9.5/share/nvim/runtime/plugin/gzip.vim
262.898  000.016  000.016: sourcing /nix/store/aszfdv0palw8vgpswijvgn273fip4306-neovim-unwrapped-0.9.5/share/nvim/runtime/plugin/health.vim
264.065  000.214  000.214: sourcing /nix/store/aszfdv0palw8vgpswijvgn273fip4306-neovim-unwrapped-0.9.5/share/nvim/runtime/pack/dist/opt/matchit/plugin/matchit.vim
264.341  001.412  001.198: sourcing /nix/store/aszfdv0palw8vgpswijvgn273fip4306-neovim-unwrapped-0.9.5/share/nvim/runtime/plugin/matchit.vim
264.537  000.161  000.161: sourcing /nix/store/aszfdv0palw8vgpswijvgn273fip4306-neovim-unwrapped-0.9.5/share/nvim/runtime/plugin/matchparen.vim
264.965  000.393  000.393: sourcing /nix/store/aszfdv0palw8vgpswijvgn273fip4306-neovim-unwrapped-0.9.5/share/nvim/runtime/plugin/netrwPlugin.vim
265.178  000.012  000.012: sourcing /nix/store/dpz027wsfmbzcizzp63fr990qjfkdl7a-neovim-0.9.5/rplugin.vim
265.305  000.267  000.255: sourcing /nix/store/aszfdv0palw8vgpswijvgn273fip4306-neovim-unwrapped-0.9.5/share/nvim/runtime/plugin/rplugin.vim
265.426  000.074  000.074: sourcing /nix/store/aszfdv0palw8vgpswijvgn273fip4306-neovim-unwrapped-0.9.5/share/nvim/runtime/plugin/shada.vim
265.502  000.027  000.027: sourcing /nix/store/aszfdv0palw8vgpswijvgn273fip4306-neovim-unwrapped-0.9.5/share/nvim/runtime/plugin/spellfile.vim
265.663  000.120  000.120: sourcing /nix/store/aszfdv0palw8vgpswijvgn273fip4306-neovim-unwrapped-0.9.5/share/nvim/runtime/plugin/tarPlugin.vim
265.814  000.095  000.095: sourcing /nix/store/aszfdv0palw8vgpswijvgn273fip4306-neovim-unwrapped-0.9.5/share/nvim/runtime/plugin/tohtml.vim
265.874  000.020  000.020: sourcing /nix/store/aszfdv0palw8vgpswijvgn273fip4306-neovim-unwrapped-0.9.5/share/nvim/runtime/plugin/tutor.vim
266.091  000.177  000.177: sourcing /nix/store/aszfdv0palw8vgpswijvgn273fip4306-neovim-unwrapped-0.9.5/share/nvim/runtime/plugin/zipPlugin.vim
266.912  000.071  000.071: sourcing /nix/store/aszfdv0palw8vgpswijvgn273fip4306-neovim-unwrapped-0.9.5/share/nvim/runtime/plugin/editorconfig.lua
267.045  000.088  000.088: sourcing /nix/store/aszfdv0palw8vgpswijvgn273fip4306-neovim-unwrapped-0.9.5/share/nvim/runtime/plugin/man.lua
267.151  000.067  000.067: sourcing /nix/store/aszfdv0palw8vgpswijvgn273fip4306-neovim-unwrapped-0.9.5/share/nvim/runtime/plugin/nvim.lua
267.183  023.473: loading rtp plugins
278.114  000.034  000.034: sourcing /nix/store/qrzfw5dgvcnhw64jcxhndcy05hggvjzs-packdir-start/pack/myNeovimPackages/start/luasnip/plugin/luasnip.vim
279.741  001.342  001.342: require('vim.filetype')
280.194  001.918  000.577: sourcing /nix/store/qrzfw5dgvcnhw64jcxhndcy05hggvjzs-packdir-start/pack/myNeovimPackages/start/luasnip/plugin/luasnip.lua
309.908  029.311  029.311: require('cmp.utils.highlight')
310.301  029.823  000.511: sourcing /nix/store/qrzfw5dgvcnhw64jcxhndcy05hggvjzs-packdir-start/pack/myNeovimPackages/start/nvim-cmp/plugin/cmp.lua
310.597  000.058  000.058: sourcing /nix/store/qrzfw5dgvcnhw64jcxhndcy05hggvjzs-packdir-start/pack/myNeovimPackages/start/nvim-colorizer.lua/plugin/colorizer.lua
311.036  000.226  000.226: sourcing /nix/store/qrzfw5dgvcnhw64jcxhndcy05hggvjzs-packdir-start/pack/myNeovimPackages/start/nvim-lspconfig/plugin/lspconfig.lua
312.864  000.371  000.371: require('nvim-treesitter.info')
313.324  000.455  000.455: require('nvim-treesitter.shell_command_selectors')
313.351  001.748  000.923: require('nvim-treesitter.install')
313.610  000.256  000.256: require('nvim-treesitter.statusline')
313.983  000.370  000.370: require('nvim-treesitter.query_predicates')
313.988  002.645  000.270: require('nvim-treesitter')
314.531  003.238  000.593: sourcing /nix/store/qrzfw5dgvcnhw64jcxhndcy05hggvjzs-packdir-start/pack/myNeovimPackages/start/nvim-treesitter/plugin/nvim-treesitter.lua
314.754  000.054  000.054: sourcing /nix/store/qrzfw5dgvcnhw64jcxhndcy05hggvjzs-packdir-start/pack/myNeovimPackages/start/nvim-web-devicons/plugin/nvim-web-devicons.vim
315.057  000.036  000.036: sourcing /nix/store/qrzfw5dgvcnhw64jcxhndcy05hggvjzs-packdir-start/pack/myNeovimPackages/start/plenary.nvim/plugin/plenary.vim
315.746  000.351  000.351: sourcing /nix/store/qrzfw5dgvcnhw64jcxhndcy05hggvjzs-packdir-start/pack/myNeovimPackages/start/telescope.nvim/plugin/telescope.lua
330.608  027.688: loading packages
331.761  000.096  000.096: require('cmp_buffer.timer')
331.768  000.410  000.314: require('cmp_buffer.buffer')
331.773  000.586  000.176: require('cmp_buffer.source')
331.775  000.670  000.084: require('cmp_buffer')
331.808  000.728  000.058: sourcing /nix/store/gkv22n09l48yakgww4dh1dincrkddsjn-vim-pack-dir/pack/myNeovimPackages/start/cmp-buffer/after/plugin/cmp_buffer.lua
332.009  000.039  000.039: sourcing /nix/store/gkv22n09l48yakgww4dh1dincrkddsjn-vim-pack-dir/pack/myNeovimPackages/start/cmp-nvim-lsp/after/plugin/cmp_nvim_lsp.lua
332.467  000.262  000.262: require('cmp_luasnip')
332.514  000.345  000.084: sourcing /nix/store/gkv22n09l48yakgww4dh1dincrkddsjn-vim-pack-dir/pack/myNeovimPackages/start/cmp_luasnip/after/plugin/cmp_luasnip.lua
332.760  000.085  000.085: sourcing /nix/store/gkv22n09l48yakgww4dh1dincrkddsjn-vim-pack-dir/pack/myNeovimPackages/start/indent-blankline.nvim/after/plugin/commands.lua
332.766  000.960: loading after plugins
332.778  000.012: inits 3
336.154  003.375: reading ShaDa
337.740  000.317  000.317: require('luasnip.util.directed_graph')
337.914  000.168  000.168: require('luasnip.session.enqueueable_operations')
337.922  001.026  000.541: require('luasnip.loaders.from_lua')
340.533  000.159  000.159: require('luasnip.util.events')
340.547  000.694  000.534: require('luasnip.nodes.node')
340.944  000.395  000.395: require('luasnip.nodes.insertNode')
341.179  000.231  000.231: require('luasnip.nodes.textNode')
341.477  000.292  000.292: require('luasnip.util.mark')
341.711  000.230  000.230: require('luasnip.util.pattern_tokenizer')
341.900  000.185  000.185: require('luasnip.util.dict')
345.344  003.197  003.197: require('luasnip.util.jsregexp')
345.350  003.446  000.249: require('luasnip.nodes.util.trig_engines')
345.410  006.649  001.177: require('luasnip.nodes.snippet')
345.417  006.835  000.186: require('luasnip.nodes.duplicate')
345.420  007.024  000.188: require('luasnip.loaders.snippet_cache')
345.435  007.508  000.485: require('luasnip.loaders.from_snipmate')
347.378  000.273  000.273: require('luasnip.util.parser.neovim_ast')
347.635  000.252  000.252: require('luasnip.util.str')
348.700  001.059  001.059: require('luasnip.util.jsregexp')
348.713  002.035  000.451: require('luasnip.util.parser.ast_utils')
349.014  000.298  000.298: require('luasnip.nodes.functionNode')
349.507  000.489  000.489: require('luasnip.nodes.choiceNode')
349.964  000.452  000.452: require('luasnip.nodes.dynamicNode')
350.165  000.197  000.197: require('luasnip.util.functions')
350.174  003.874  000.402: require('luasnip.util.parser.ast_parser')
350.710  000.534  000.534: require('luasnip.util.parser.neovim_parser')
350.721  004.686  000.279: require('luasnip.util.parser')
350.939  000.216  000.216: require('luasnip.nodes.snippetProxy')
351.552  000.604  000.604: require('luasnip.util.jsonc')
351.568  006.129  000.623: require('luasnip.loaders.from_vscode')
351.588  000.772: opening buffers
351.858  000.270: BufEnter autocommands
351.862  000.004: editing files in windows
352.022  000.160: VimEnter autocommands
352.284  000.262: UIEnter autocommands
352.287  000.004: before starting main loop
352.608  000.320: first screen update
352.611  000.003: --- NVIM STARTED ---


times in msec
 clock   self+sourced   self:  sourced script
 clock   elapsed:              other lines

000.049  000.049: --- NVIM STARTING ---
000.587  000.538: event init
000.853  000.266: early init
001.141  000.288: locale set
001.281  000.140: init first window
002.434  001.153: inits 1
002.469  000.035: window checked
002.478  000.008: parsing arguments
004.132  000.296  000.296: require('vim.shared')
004.557  000.169  000.169: require('vim._options')
004.566  000.420  000.251: require('vim._editor')
004.570  000.797  000.081: require('vim._init_packages')
004.577  001.301: init lua interpreter
006.626  002.050: expanding arguments
006.838  000.212: inits 2
007.773  000.935: init highlight
